<?xml version="1.0" encoding="UTF-8"?>
<testsuite name="org.acme.ExpenseResourceTest" tests="1" skipped="0" failures="0" errors="0" timestamp="2023-11-13T12:43:13" hostname="MACEX362.local" time="0.59">
  <properties/>
  <testcase name="testExpensesEndpoint()" classname="org.acme.ExpenseResourceTest" time="0.59"/>
  <system-out><![CDATA[13:43:13 quarkus - expenses 1.0.0-SNAPSHOT on JVM (powered by Quarkus 3.2.4.Final) started in 1.282s. Listening on: http://localhost:808113:43:13 quarkus - Profile test activated. 13:43:13 quarkus - Installed features: [cdi, kotlin, resteasy-reactive, resteasy-reactive-jackson, smallrye-context-propagation, vertx]13:43:13 ExpenseResource - Get all expenses]]></system-out>
  <system-err><![CDATA[]]></system-err>
</testsuite>
